--------------------------------------------------------------------------------
Release 14.7 Trace  (nt64)
Copyright (c) 1995-2013 Xilinx, Inc.  All rights reserved.

E:\Xilinx\14.7\ISE_DS\ISE\bin\nt64\unwrapped\trce.exe -intstyle ise -v 3 -s 3
-n 3 -fastpaths -xml top.twx top.ncd -o top.twr top.pcf

Design file:              top.ncd
Physical constraint file: top.pcf
Device,package,speed:     xc6slx16,csg324,C,-3 (PRODUCTION 1.23 2013-10-13)
Report level:             verbose report

Environment Variable      Effect 
--------------------      ------ 
NONE                      No environment variables were set
--------------------------------------------------------------------------------

INFO:Timing:2698 - No timing constraints found, doing default enumeration.
INFO:Timing:3412 - To improve timing, see the Timing Closure User Guide (UG612).
INFO:Timing:2752 - To get complete path coverage, use the unconstrained paths 
   option. All paths that are not constrained will be reported in the 
   unconstrained paths section(s) of the report.
INFO:Timing:3339 - The clock-to-out numbers in this timing report are based on 
   a 50 Ohm transmission line loading model.  For the details of this model, 
   and for more information on accounting for different loading conditions, 
   please see the device datasheet.



Data Sheet report:
-----------------
All values displayed in nanoseconds (ns)

Clock clk to Pad
------------+-----------------+------------+-----------------+------------+------------------+--------+
            |Max (slowest) clk|  Process   |Min (fastest) clk|  Process   |                  | Clock  |
Destination |  (edge) to PAD  |   Corner   |  (edge) to PAD  |   Corner   |Internal Clock(s) | Phase  |
------------+-----------------+------------+-----------------+------------+------------------+--------+
num<0>      |        16.204(F)|      SLOW  |         4.700(F)|      FAST  |clk_BUFGP         |   0.000|
num<1>      |        16.056(F)|      SLOW  |         4.985(F)|      FAST  |clk_BUFGP         |   0.000|
num<2>      |        15.718(F)|      SLOW  |         5.372(F)|      FAST  |clk_BUFGP         |   0.000|
num<3>      |        16.308(F)|      SLOW  |         5.367(F)|      FAST  |clk_BUFGP         |   0.000|
num<4>      |        15.832(F)|      SLOW  |         5.396(F)|      FAST  |clk_BUFGP         |   0.000|
num<5>      |        15.772(F)|      SLOW  |         5.157(F)|      FAST  |clk_BUFGP         |   0.000|
num<6>      |        16.371(F)|      SLOW  |         5.426(F)|      FAST  |clk_BUFGP         |   0.000|
num<7>      |        15.433(F)|      SLOW  |         5.113(F)|      FAST  |clk_BUFGP         |   0.000|
num<8>      |        15.384(F)|      SLOW  |         5.105(F)|      FAST  |clk_BUFGP         |   0.000|
num<9>      |        15.547(F)|      SLOW  |         4.818(F)|      FAST  |clk_BUFGP         |   0.000|
num<10>     |        15.688(F)|      SLOW  |         4.966(F)|      FAST  |clk_BUFGP         |   0.000|
num<11>     |        15.710(F)|      SLOW  |         4.752(F)|      FAST  |clk_BUFGP         |   0.000|
num<12>     |        16.316(F)|      SLOW  |         4.843(F)|      FAST  |clk_BUFGP         |   0.000|
num<13>     |        16.659(F)|      SLOW  |         4.830(F)|      FAST  |clk_BUFGP         |   0.000|
num<14>     |        16.803(F)|      SLOW  |         5.265(F)|      FAST  |clk_BUFGP         |   0.000|
num<15>     |        16.057(F)|      SLOW  |         5.104(F)|      FAST  |clk_BUFGP         |   0.000|
num<16>     |        16.248(F)|      SLOW  |         5.064(F)|      FAST  |clk_BUFGP         |   0.000|
num<17>     |        16.061(F)|      SLOW  |         4.865(F)|      FAST  |clk_BUFGP         |   0.000|
num<18>     |        15.884(F)|      SLOW  |         4.851(F)|      FAST  |clk_BUFGP         |   0.000|
num<19>     |        16.178(F)|      SLOW  |         4.886(F)|      FAST  |clk_BUFGP         |   0.000|
num<20>     |        16.563(F)|      SLOW  |         5.110(F)|      FAST  |clk_BUFGP         |   0.000|
num<21>     |        15.729(F)|      SLOW  |         4.769(F)|      FAST  |clk_BUFGP         |   0.000|
num<22>     |        15.523(F)|      SLOW  |         5.509(F)|      FAST  |clk_BUFGP         |   0.000|
num<23>     |        15.897(F)|      SLOW  |         5.142(F)|      FAST  |clk_BUFGP         |   0.000|
num<24>     |        14.687(F)|      SLOW  |         4.729(F)|      FAST  |clk_BUFGP         |   0.000|
num<25>     |        15.720(F)|      SLOW  |         4.599(F)|      FAST  |clk_BUFGP         |   0.000|
num<26>     |        14.834(F)|      SLOW  |         4.513(F)|      FAST  |clk_BUFGP         |   0.000|
num<27>     |        14.748(F)|      SLOW  |         4.555(F)|      FAST  |clk_BUFGP         |   0.000|
num<28>     |        14.754(F)|      SLOW  |         4.774(F)|      FAST  |clk_BUFGP         |   0.000|
num<29>     |        14.876(F)|      SLOW  |         4.830(F)|      FAST  |clk_BUFGP         |   0.000|
num<30>     |        16.208(F)|      SLOW  |         5.257(F)|      FAST  |clk_BUFGP         |   0.000|
num<31>     |        16.086(F)|      SLOW  |         5.375(F)|      FAST  |clk_BUFGP         |   0.000|
------------+-----------------+------------+-----------------+------------+------------------+--------+

Clock to Setup on destination clock clk
---------------+---------+---------+---------+---------+
               | Src:Rise| Src:Fall| Src:Rise| Src:Fall|
Source Clock   |Dest:Rise|Dest:Rise|Dest:Fall|Dest:Fall|
---------------+---------+---------+---------+---------+
clk            |         |         |         |    5.990|
---------------+---------+---------+---------+---------+


Analysis completed Sat Apr 07 21:26:33 2018 
--------------------------------------------------------------------------------

Trace Settings:
-------------------------
Trace Settings 

Peak Memory Usage: 321 MB



