Release 14.7 Map P.20131013 (nt64)
Xilinx Mapping Report File for Design 'REG_FILE'

Design Information
------------------
Command Line   : map -intstyle ise -p xc6slx16-csg324-3 -w -logic_opt off -ol
high -t 1 -xt 0 -register_duplication off -r 4 -global_opt off -mt off -ir off
-pr off -lc off -power off -o REG_FILE_map.ncd REG_FILE.ngd REG_FILE.pcf 
Target Device  : xc6slx16
Target Package : csg324
Target Speed   : -3
Mapper Version : spartan6 -- $Revision: 1.55 $
Mapped Date    : Wed Apr 11 22:01:25 2018

Design Summary
--------------
Number of errors:      0
Number of warnings:    0
Slice Logic Utilization:
  Number of Slice Registers:                 2,048 out of  18,224   11%
    Number used as Flip Flops:               2,048
    Number used as Latches:                      0
    Number used as Latch-thrus:                  0
    Number used as AND/OR logics:                0
  Number of Slice LUTs:                      3,456 out of   9,112   37%
    Number used as logic:                    3,456 out of   9,112   37%
      Number using O6 output only:           3,456
      Number using O5 output only:               0
      Number using O5 and O6:                    0
      Number used as ROM:                        0
    Number used as Memory:                       0 out of   2,176    0%

Slice Logic Distribution:
  Number of occupied Slices:                 1,228 out of   2,278   53%
  Number of MUXCYs used:                         0 out of   4,556    0%
  Number of LUT Flip Flop pairs used:        3,456
    Number with an unused Flip Flop:         1,408 out of   3,456   40%
    Number with an unused LUT:                   0 out of   3,456    0%
    Number of fully used LUT-FF pairs:       2,048 out of   3,456   59%
    Number of unique control sets:               1
    Number of slice register sites lost
      to control set restrictions:               0 out of  18,224    0%

  A LUT Flip Flop pair for this architecture represents one LUT paired with
  one Flip Flop within a slice.  A control set is a unique combination of
  clock, reset, set, and enable signals for a registered element.
  The Slice Logic Distribution report is not meaningful if the design is
  over-mapped for a non-slice resource or if Placement fails.

IO Utilization:
  Number of bonded IOBs:                       117 out of     232   50%

Specific Feature Utilization:
  Number of RAMB16BWERs:                         0 out of      32    0%
  Number of RAMB8BWERs:                          0 out of      64    0%
  Number of BUFIO2/BUFIO2_2CLKs:                 0 out of      32    0%
  Number of BUFIO2FB/BUFIO2FB_2CLKs:             0 out of      32    0%
  Number of BUFG/BUFGMUXs:                       1 out of      16    6%
    Number used as BUFGs:                        1
    Number used as BUFGMUX:                      0
  Number of DCM/DCM_CLKGENs:                     0 out of       4    0%
  Number of ILOGIC2/ISERDES2s:                   0 out of     248    0%
  Number of IODELAY2/IODRP2/IODRP2_MCBs:         0 out of     248    0%
  Number of OLOGIC2/OSERDES2s:                   0 out of     248    0%
  Number of BSCANs:                              0 out of       4    0%
  Number of BUFHs:                               0 out of     128    0%
  Number of BUFPLLs:                             0 out of       8    0%
  Number of BUFPLL_MCBs:                         0 out of       4    0%
  Number of DSP48A1s:                            0 out of      32    0%
  Number of ICAPs:                               0 out of       1    0%
  Number of MCBs:                                0 out of       2    0%
  Number of PCILOGICSEs:                         0 out of       2    0%
  Number of PLL_ADVs:                            0 out of       2    0%
  Number of PMVs:                                0 out of       1    0%
  Number of STARTUPs:                            0 out of       1    0%
  Number of SUSPEND_SYNCs:                       0 out of       1    0%

Average Fanout of Non-Clock Nets:                5.34

Peak Memory Usage:  523 MB
Total REAL time to MAP completion:  44 secs 
Total CPU time to MAP completion:   39 secs 

Table of Contents
-----------------
Section 1 - Errors
Section 2 - Warnings
Section 3 - Informational
Section 4 - Removed Logic Summary
Section 5 - Removed Logic
Section 6 - IOB Properties
Section 7 - RPMs
Section 8 - Guide Report
Section 9 - Area Group and Partition Summary
Section 10 - Timing Report
Section 11 - Configuration String Information
Section 12 - Control Set Information
Section 13 - Utilization by Hierarchy

Section 1 - Errors
------------------

Section 2 - Warnings
--------------------
WARNING:Security:42 - Your software subscription period has lapsed. Your current
version of Xilinx tools will continue to function, but you no longer qualify for
Xilinx software updates or new releases.

Section 3 - Informational
-------------------------
INFO:Security:54 - 'xc6slx16' is a WebPack part.
INFO:MapLib:562 - No environment variables are currently set.
INFO:LIT:244 - All of the single ended outputs in this design are using slew
   rate limited output drivers. The delay on speed critical single ended outputs
   can be dramatically reduced by designating them as fast outputs.
INFO:Pack:1716 - Initializing temperature to 85.000 Celsius. (default - Range:
   0.000 to 85.000 Celsius)
INFO:Pack:1720 - Initializing voltage to 1.140 Volts. (default - Range: 1.140 to
   1.260 Volts)
INFO:Map:215 - The Interim Design Summary has been generated in the MAP Report
   (.mrp).
INFO:Pack:1650 - Map created a placed design.

Section 4 - Removed Logic Summary
---------------------------------

Section 5 - Removed Logic
-------------------------

To enable printing of redundant blocks removed and signals merged, set the
detailed map report option and rerun map.

Section 6 - IOB Properties
--------------------------

+---------------------------------------------------------------------------------------------------------------------------------------------------------+
| IOB Name                           | Type             | Direction | IO Standard          | Diff  | Drive    | Slew | Reg (s)      | Resistor | IOB      |
|                                    |                  |           |                      | Term  | Strength | Rate |              |          | Delay    |
+---------------------------------------------------------------------------------------------------------------------------------------------------------+
| clk                                | IOB              | INPUT     | LVCMOS25             |       |          |      |              |          |          |
| rAddr1<0>                          | IOB              | INPUT     | LVCMOS25             |       |          |      |              |          |          |
| rAddr1<1>                          | IOB              | INPUT     | LVCMOS25             |       |          |      |              |          |          |
| rAddr1<2>                          | IOB              | INPUT     | LVCMOS25             |       |          |      |              |          |          |
| rAddr1<3>                          | IOB              | INPUT     | LVCMOS25             |       |          |      |              |          |          |
| rAddr1<4>                          | IOB              | INPUT     | LVCMOS25             |       |          |      |              |          |          |
| rAddr1<5>                          | IOB              | INPUT     | LVCMOS25             |       |          |      |              |          |          |
| rAddr2<0>                          | IOB              | INPUT     | LVCMOS25             |       |          |      |              |          |          |
| rAddr2<1>                          | IOB              | INPUT     | LVCMOS25             |       |          |      |              |          |          |
| rAddr2<2>                          | IOB              | INPUT     | LVCMOS25             |       |          |      |              |          |          |
| rAddr2<3>                          | IOB              | INPUT     | LVCMOS25             |       |          |      |              |          |          |
| rAddr2<4>                          | IOB              | INPUT     | LVCMOS25             |       |          |      |              |          |          |
| rAddr2<5>                          | IOB              | INPUT     | LVCMOS25             |       |          |      |              |          |          |
| rDout1<0>                          | IOB              | OUTPUT    | LVCMOS25             |       | 12       | SLOW |              |          |          |
| rDout1<1>                          | IOB              | OUTPUT    | LVCMOS25             |       | 12       | SLOW |              |          |          |
| rDout1<2>                          | IOB              | OUTPUT    | LVCMOS25             |       | 12       | SLOW |              |          |          |
| rDout1<3>                          | IOB              | OUTPUT    | LVCMOS25             |       | 12       | SLOW |              |          |          |
| rDout1<4>                          | IOB              | OUTPUT    | LVCMOS25             |       | 12       | SLOW |              |          |          |
| rDout1<5>                          | IOB              | OUTPUT    | LVCMOS25             |       | 12       | SLOW |              |          |          |
| rDout1<6>                          | IOB              | OUTPUT    | LVCMOS25             |       | 12       | SLOW |              |          |          |
| rDout1<7>                          | IOB              | OUTPUT    | LVCMOS25             |       | 12       | SLOW |              |          |          |
| rDout1<8>                          | IOB              | OUTPUT    | LVCMOS25             |       | 12       | SLOW |              |          |          |
| rDout1<9>                          | IOB              | OUTPUT    | LVCMOS25             |       | 12       | SLOW |              |          |          |
| rDout1<10>                         | IOB              | OUTPUT    | LVCMOS25             |       | 12       | SLOW |              |          |          |
| rDout1<11>                         | IOB              | OUTPUT    | LVCMOS25             |       | 12       | SLOW |              |          |          |
| rDout1<12>                         | IOB              | OUTPUT    | LVCMOS25             |       | 12       | SLOW |              |          |          |
| rDout1<13>                         | IOB              | OUTPUT    | LVCMOS25             |       | 12       | SLOW |              |          |          |
| rDout1<14>                         | IOB              | OUTPUT    | LVCMOS25             |       | 12       | SLOW |              |          |          |
| rDout1<15>                         | IOB              | OUTPUT    | LVCMOS25             |       | 12       | SLOW |              |          |          |
| rDout1<16>                         | IOB              | OUTPUT    | LVCMOS25             |       | 12       | SLOW |              |          |          |
| rDout1<17>                         | IOB              | OUTPUT    | LVCMOS25             |       | 12       | SLOW |              |          |          |
| rDout1<18>                         | IOB              | OUTPUT    | LVCMOS25             |       | 12       | SLOW |              |          |          |
| rDout1<19>                         | IOB              | OUTPUT    | LVCMOS25             |       | 12       | SLOW |              |          |          |
| rDout1<20>                         | IOB              | OUTPUT    | LVCMOS25             |       | 12       | SLOW |              |          |          |
| rDout1<21>                         | IOB              | OUTPUT    | LVCMOS25             |       | 12       | SLOW |              |          |          |
| rDout1<22>                         | IOB              | OUTPUT    | LVCMOS25             |       | 12       | SLOW |              |          |          |
| rDout1<23>                         | IOB              | OUTPUT    | LVCMOS25             |       | 12       | SLOW |              |          |          |
| rDout1<24>                         | IOB              | OUTPUT    | LVCMOS25             |       | 12       | SLOW |              |          |          |
| rDout1<25>                         | IOB              | OUTPUT    | LVCMOS25             |       | 12       | SLOW |              |          |          |
| rDout1<26>                         | IOB              | OUTPUT    | LVCMOS25             |       | 12       | SLOW |              |          |          |
| rDout1<27>                         | IOB              | OUTPUT    | LVCMOS25             |       | 12       | SLOW |              |          |          |
| rDout1<28>                         | IOB              | OUTPUT    | LVCMOS25             |       | 12       | SLOW |              |          |          |
| rDout1<29>                         | IOB              | OUTPUT    | LVCMOS25             |       | 12       | SLOW |              |          |          |
| rDout1<30>                         | IOB              | OUTPUT    | LVCMOS25             |       | 12       | SLOW |              |          |          |
| rDout1<31>                         | IOB              | OUTPUT    | LVCMOS25             |       | 12       | SLOW |              |          |          |
| rDout2<0>                          | IOB              | OUTPUT    | LVCMOS25             |       | 12       | SLOW |              |          |          |
| rDout2<1>                          | IOB              | OUTPUT    | LVCMOS25             |       | 12       | SLOW |              |          |          |
| rDout2<2>                          | IOB              | OUTPUT    | LVCMOS25             |       | 12       | SLOW |              |          |          |
| rDout2<3>                          | IOB              | OUTPUT    | LVCMOS25             |       | 12       | SLOW |              |          |          |
| rDout2<4>                          | IOB              | OUTPUT    | LVCMOS25             |       | 12       | SLOW |              |          |          |
| rDout2<5>                          | IOB              | OUTPUT    | LVCMOS25             |       | 12       | SLOW |              |          |          |
| rDout2<6>                          | IOB              | OUTPUT    | LVCMOS25             |       | 12       | SLOW |              |          |          |
| rDout2<7>                          | IOB              | OUTPUT    | LVCMOS25             |       | 12       | SLOW |              |          |          |
| rDout2<8>                          | IOB              | OUTPUT    | LVCMOS25             |       | 12       | SLOW |              |          |          |
| rDout2<9>                          | IOB              | OUTPUT    | LVCMOS25             |       | 12       | SLOW |              |          |          |
| rDout2<10>                         | IOB              | OUTPUT    | LVCMOS25             |       | 12       | SLOW |              |          |          |
| rDout2<11>                         | IOB              | OUTPUT    | LVCMOS25             |       | 12       | SLOW |              |          |          |
| rDout2<12>                         | IOB              | OUTPUT    | LVCMOS25             |       | 12       | SLOW |              |          |          |
| rDout2<13>                         | IOB              | OUTPUT    | LVCMOS25             |       | 12       | SLOW |              |          |          |
| rDout2<14>                         | IOB              | OUTPUT    | LVCMOS25             |       | 12       | SLOW |              |          |          |
| rDout2<15>                         | IOB              | OUTPUT    | LVCMOS25             |       | 12       | SLOW |              |          |          |
| rDout2<16>                         | IOB              | OUTPUT    | LVCMOS25             |       | 12       | SLOW |              |          |          |
| rDout2<17>                         | IOB              | OUTPUT    | LVCMOS25             |       | 12       | SLOW |              |          |          |
| rDout2<18>                         | IOB              | OUTPUT    | LVCMOS25             |       | 12       | SLOW |              |          |          |
| rDout2<19>                         | IOB              | OUTPUT    | LVCMOS25             |       | 12       | SLOW |              |          |          |
| rDout2<20>                         | IOB              | OUTPUT    | LVCMOS25             |       | 12       | SLOW |              |          |          |
| rDout2<21>                         | IOB              | OUTPUT    | LVCMOS25             |       | 12       | SLOW |              |          |          |
| rDout2<22>                         | IOB              | OUTPUT    | LVCMOS25             |       | 12       | SLOW |              |          |          |
| rDout2<23>                         | IOB              | OUTPUT    | LVCMOS25             |       | 12       | SLOW |              |          |          |
| rDout2<24>                         | IOB              | OUTPUT    | LVCMOS25             |       | 12       | SLOW |              |          |          |
| rDout2<25>                         | IOB              | OUTPUT    | LVCMOS25             |       | 12       | SLOW |              |          |          |
| rDout2<26>                         | IOB              | OUTPUT    | LVCMOS25             |       | 12       | SLOW |              |          |          |
| rDout2<27>                         | IOB              | OUTPUT    | LVCMOS25             |       | 12       | SLOW |              |          |          |
| rDout2<28>                         | IOB              | OUTPUT    | LVCMOS25             |       | 12       | SLOW |              |          |          |
| rDout2<29>                         | IOB              | OUTPUT    | LVCMOS25             |       | 12       | SLOW |              |          |          |
| rDout2<30>                         | IOB              | OUTPUT    | LVCMOS25             |       | 12       | SLOW |              |          |          |
| rDout2<31>                         | IOB              | OUTPUT    | LVCMOS25             |       | 12       | SLOW |              |          |          |
| rst_n                              | IOB              | INPUT     | LVCMOS25             |       |          |      |              |          |          |
| wAddr<0>                           | IOB              | INPUT     | LVCMOS25             |       |          |      |              |          |          |
| wAddr<1>                           | IOB              | INPUT     | LVCMOS25             |       |          |      |              |          |          |
| wAddr<2>                           | IOB              | INPUT     | LVCMOS25             |       |          |      |              |          |          |
| wAddr<3>                           | IOB              | INPUT     | LVCMOS25             |       |          |      |              |          |          |
| wAddr<4>                           | IOB              | INPUT     | LVCMOS25             |       |          |      |              |          |          |
| wAddr<5>                           | IOB              | INPUT     | LVCMOS25             |       |          |      |              |          |          |
| wDin<0>                            | IOB              | INPUT     | LVCMOS25             |       |          |      |              |          |          |
| wDin<1>                            | IOB              | INPUT     | LVCMOS25             |       |          |      |              |          |          |
| wDin<2>                            | IOB              | INPUT     | LVCMOS25             |       |          |      |              |          |          |
| wDin<3>                            | IOB              | INPUT     | LVCMOS25             |       |          |      |              |          |          |
| wDin<4>                            | IOB              | INPUT     | LVCMOS25             |       |          |      |              |          |          |
| wDin<5>                            | IOB              | INPUT     | LVCMOS25             |       |          |      |              |          |          |
| wDin<6>                            | IOB              | INPUT     | LVCMOS25             |       |          |      |              |          |          |
| wDin<7>                            | IOB              | INPUT     | LVCMOS25             |       |          |      |              |          |          |
| wDin<8>                            | IOB              | INPUT     | LVCMOS25             |       |          |      |              |          |          |
| wDin<9>                            | IOB              | INPUT     | LVCMOS25             |       |          |      |              |          |          |
| wDin<10>                           | IOB              | INPUT     | LVCMOS25             |       |          |      |              |          |          |
| wDin<11>                           | IOB              | INPUT     | LVCMOS25             |       |          |      |              |          |          |
| wDin<12>                           | IOB              | INPUT     | LVCMOS25             |       |          |      |              |          |          |
| wDin<13>                           | IOB              | INPUT     | LVCMOS25             |       |          |      |              |          |          |
| wDin<14>                           | IOB              | INPUT     | LVCMOS25             |       |          |      |              |          |          |
| wDin<15>                           | IOB              | INPUT     | LVCMOS25             |       |          |      |              |          |          |
| wDin<16>                           | IOB              | INPUT     | LVCMOS25             |       |          |      |              |          |          |
| wDin<17>                           | IOB              | INPUT     | LVCMOS25             |       |          |      |              |          |          |
| wDin<18>                           | IOB              | INPUT     | LVCMOS25             |       |          |      |              |          |          |
| wDin<19>                           | IOB              | INPUT     | LVCMOS25             |       |          |      |              |          |          |
| wDin<20>                           | IOB              | INPUT     | LVCMOS25             |       |          |      |              |          |          |
| wDin<21>                           | IOB              | INPUT     | LVCMOS25             |       |          |      |              |          |          |
| wDin<22>                           | IOB              | INPUT     | LVCMOS25             |       |          |      |              |          |          |
| wDin<23>                           | IOB              | INPUT     | LVCMOS25             |       |          |      |              |          |          |
| wDin<24>                           | IOB              | INPUT     | LVCMOS25             |       |          |      |              |          |          |
| wDin<25>                           | IOB              | INPUT     | LVCMOS25             |       |          |      |              |          |          |
| wDin<26>                           | IOB              | INPUT     | LVCMOS25             |       |          |      |              |          |          |
| wDin<27>                           | IOB              | INPUT     | LVCMOS25             |       |          |      |              |          |          |
| wDin<28>                           | IOB              | INPUT     | LVCMOS25             |       |          |      |              |          |          |
| wDin<29>                           | IOB              | INPUT     | LVCMOS25             |       |          |      |              |          |          |
| wDin<30>                           | IOB              | INPUT     | LVCMOS25             |       |          |      |              |          |          |
| wDin<31>                           | IOB              | INPUT     | LVCMOS25             |       |          |      |              |          |          |
| wEna                               | IOB              | INPUT     | LVCMOS25             |       |          |      |              |          |          |
+---------------------------------------------------------------------------------------------------------------------------------------------------------+

Section 7 - RPMs
----------------

Section 8 - Guide Report
------------------------
Guide not run on this design.

Section 9 - Area Group and Partition Summary
--------------------------------------------

Partition Implementation Status
-------------------------------

  No Partitions were found in this design.

-------------------------------

Area Group Information
----------------------

  No area groups were found in this design.

----------------------

Section 10 - Timing Report
--------------------------
A logic-level (pre-route) timing report can be generated by using Xilinx static
timing analysis tools, Timing Analyzer (GUI) or TRCE (command line), with the
mapped NCD and PCF files. Please note that this timing report will be generated
using estimated delay information. For accurate numbers, please generate a
timing report with the post Place and Route NCD file.

For more information about the Timing Analyzer, consult the Xilinx Timing
Analyzer Reference Manual; for more information about TRCE, consult the Xilinx
Command Line Tools User Guide "TRACE" chapter.

Section 11 - Configuration String Details
-----------------------------------------
Use the "-detail" map option to print out Configuration Strings

Section 12 - Control Set Information
------------------------------------
Use the "-detail" map option to print out Control Set Information.

Section 13 - Utilization by Hierarchy
-------------------------------------
Use the "-detail" map option to print out the Utilization by Hierarchy section.
