Running: E:\Xilinx\14.7\ISE_DS\ISE\bin\nt64\unwrapped\fuse.exe -intstyle ise -incremental -lib unisims_ver -lib unimacro_ver -lib xilinxcorelib_ver -lib secureip -o E:/cod lab/codlab1/alu/testtop1_isim_beh.exe -prj E:/cod lab/codlab1/alu/testtop1_beh.prj work.testtop1 work.glbl 
ISim P.20131013 (signature 0x7708f090)
Number of CPUs detected in this system: 8
Turning on mult-threading, number of parallel sub-compilation jobs: 16 
Determining compilation order of HDL files
Analyzing Verilog file "E:/cod lab/codlab1/alu/ALU.v" into library work
Analyzing Verilog file "E:/cod lab/codlab1/alu/top.v" into library work
Analyzing Verilog file "E:/cod lab/codlab1/alu/testtop1.v" into library work
Analyzing Verilog file "E:/Xilinx/14.7/ISE_DS/ISE//verilog/src/glbl.v" into library work
Starting static elaboration
Completed static elaboration
Compiling module ALU
Compiling module top
Compiling module testtop1
Compiling module glbl
Time Resolution for simulation is 1ps.
WARNING:Simulator - Unable to copy libPortabilityNOSH.dll to the simulation executable directory: boost::filesystem::copy_file: 系统找不到指定的路径。, "isim\testtop1_isim_beh.exe.sim\libPortability.dll".
Compiled 4 Verilog Units
Built simulation executable E:/cod lab/codlab1/alu/testtop1_isim_beh.exe
Fuse Memory Usage: 27792 KB
Fuse CPU Usage: 421 ms
