Release 14.7 - xst P.20131013 (nt64)
Copyright (c) 1995-2013 Xilinx, Inc.  All rights reserved.
--> Parameter TMPDIR set to xst/projnav.tmp


Total REAL time to Xst completion: 0.00 secs
Total CPU time to Xst completion: 0.20 secs
 
--> Parameter xsthdpdir set to xst


Total REAL time to Xst completion: 0.00 secs
Total CPU time to Xst completion: 0.20 secs
 
--> Reading design: top.prj

TABLE OF CONTENTS
  1) Synthesis Options Summary
  2) HDL Parsing
  3) HDL Elaboration
  4) HDL Synthesis
       4.1) HDL Synthesis Report
  5) Advanced HDL Synthesis
       5.1) Advanced HDL Synthesis Report
  6) Low Level Synthesis
  7) Partition Report
  8) Design Summary
       8.1) Primitive and Black Box Usage
       8.2) Device utilization summary
       8.3) Partition Resource Summary
       8.4) Timing Report
            8.4.1) Clock Information
            8.4.2) Asynchronous Control Signals Information
            8.4.3) Timing Summary
            8.4.4) Timing Details
            8.4.5) Cross Clock Domains Report


=========================================================================
*                      Synthesis Options Summary                        *
=========================================================================
---- Source Parameters
Input File Name                    : "top.prj"
Ignore Synthesis Constraint File   : NO

---- Target Parameters
Output File Name                   : "top"
Output Format                      : NGC
Target Device                      : xc6slx16-3-csg324

---- Source Options
Top Module Name                    : top
Automatic FSM Extraction           : YES
FSM Encoding Algorithm             : Auto
Safe Implementation                : No
FSM Style                          : LUT
RAM Extraction                     : Yes
RAM Style                          : Auto
ROM Extraction                     : Yes
Shift Register Extraction          : YES
ROM Style                          : Auto
Resource Sharing                   : YES
Asynchronous To Synchronous        : NO
Shift Register Minimum Size        : 2
Use DSP Block                      : Auto
Automatic Register Balancing       : No

---- Target Options
LUT Combining                      : Auto
Reduce Control Sets                : Auto
Add IO Buffers                     : YES
Global Maximum Fanout              : 100000
Add Generic Clock Buffer(BUFG)     : 16
Register Duplication               : YES
Optimize Instantiated Primitives   : NO
Use Clock Enable                   : Auto
Use Synchronous Set                : Auto
Use Synchronous Reset              : Auto
Pack IO Registers into IOBs        : Auto
Equivalent register Removal        : YES

---- General Options
Optimization Goal                  : Speed
Optimization Effort                : 1
Power Reduction                    : NO
Keep Hierarchy                     : No
Netlist Hierarchy                  : As_Optimized
RTL Output                         : Yes
Global Optimization                : AllClockNets
Read Cores                         : YES
Write Timing Constraints           : NO
Cross Clock Analysis               : NO
Hierarchy Separator                : /
Bus Delimiter                      : <>
Case Specifier                     : Maintain
Slice Utilization Ratio            : 100
BRAM Utilization Ratio             : 100
DSP48 Utilization Ratio            : 100
Auto BRAM Packing                  : NO
Slice Utilization Ratio Delta      : 5

=========================================================================


=========================================================================
*                          HDL Parsing                                  *
=========================================================================
Analyzing Verilog file "E:\cod lab\codlab1\alu\ALU.v" into library work
Parsing module <ALU>.
Analyzing Verilog file "E:\cod lab\codlab1\alu\top.v" into library work
Parsing module <top>.

=========================================================================
*                            HDL Elaboration                            *
=========================================================================

Elaborating module <top>.

Elaborating module <ALU>.

=========================================================================
*                           HDL Synthesis                               *
=========================================================================

Synthesizing Unit <top>.
    Related source file is "E:\cod lab\codlab1\alu\top.v".
        A_NOP = 5'b00000
        A_ADD = 5'b00001
        A_SUB = 5'b00010
        A_AND = 5'b00011
        A_OR = 5'b00100
        A_XOR = 5'b00101
        A_NOR = 5'b00110
    Summary:
	no macro.
Unit <top> synthesized.

Synthesizing Unit <ALU>.
    Related source file is "E:\cod lab\codlab1\alu\ALU.v".
        A_NOP = 5'b00000
        A_ADD = 5'b00001
        A_SUB = 5'b00010
        A_AND = 5'b00011
        A_OR = 5'b00100
        A_XOR = 5'b00101
        A_NOR = 5'b00110
    Found 32-bit subtractor for signal <alu_a[31]_alu_b[31]_sub_2_OUT> created at line 40.
    Found 32-bit adder for signal <alu_a[31]_alu_b[31]_add_0_OUT> created at line 39.
    Found 32-bit 8-to-1 multiplexer for signal <_n0043> created at line 25.
    Summary:
	inferred   1 Adder/Subtractor(s).
	inferred  11 Multiplexer(s).
Unit <ALU> synthesized.

=========================================================================
HDL Synthesis Report

Macro Statistics
# Adders/Subtractors                                   : 1
 32-bit addsub                                         : 1
# Multiplexers                                         : 11
 32-bit 2-to-1 multiplexer                             : 11
# Xors                                                 : 1
 32-bit xor2                                           : 1

=========================================================================
INFO:Xst:1767 - HDL ADVISOR - Resource sharing has identified that some arithmetic operations in this design can share the same physical resources for reduced device utilization. For improved clock frequency you may try to disable resource sharing.

=========================================================================
*                       Advanced HDL Synthesis                          *
=========================================================================


=========================================================================
Advanced HDL Synthesis Report

Macro Statistics
# Adders/Subtractors                                   : 1
 32-bit addsub                                         : 1
# Multiplexers                                         : 11
 32-bit 2-to-1 multiplexer                             : 11
# Xors                                                 : 1
 32-bit xor2                                           : 1

=========================================================================

=========================================================================
*                         Low Level Synthesis                           *
=========================================================================

Optimizing unit <top> ...

Optimizing unit <ALU> ...

Mapping all equations...
Building and optimizing final netlist ...
Found area constraint ratio of 100 (+ 5) on block top, actual ratio is 2.

Final Macro Processing ...

=========================================================================
Final Register Report

Found no macro
=========================================================================

=========================================================================
*                           Partition Report                            *
=========================================================================

Partition Implementation Status
-------------------------------

  No Partitions were found in this design.

-------------------------------

=========================================================================
*                            Design Summary                             *
=========================================================================

Top Level Output File Name         : top.ngc

Primitive and Black Box Usage:
------------------------------
# BELS                             : 190
#      LUT4                        : 95
#      LUT5                        : 32
#      MUXCY                       : 31
#      XORCY                       : 32
# IO Buffers                       : 101
#      IBUF                        : 69
#      OBUF                        : 32

Device utilization summary:
---------------------------

Selected Device : 6slx16csg324-3 


Slice Logic Utilization: 
 Number of Slice LUTs:                  127  out of   9112     1%  
    Number used as Logic:               127  out of   9112     1%  

Slice Logic Distribution: 
 Number of LUT Flip Flop pairs used:    127
   Number with an unused Flip Flop:     127  out of    127   100%  
   Number with an unused LUT:             0  out of    127     0%  
   Number of fully used LUT-FF pairs:     0  out of    127     0%  
   Number of unique control sets:         0

IO Utilization: 
 Number of IOs:                         101
 Number of bonded IOBs:                 101  out of    232    43%  

Specific Feature Utilization:

---------------------------
Partition Resource Summary:
---------------------------

  No Partitions were found in this design.

---------------------------


=========================================================================
Timing Report

NOTE: THESE TIMING NUMBERS ARE ONLY A SYNTHESIS ESTIMATE.
      FOR ACCURATE TIMING INFORMATION PLEASE REFER TO THE TRACE REPORT
      GENERATED AFTER PLACE-and-ROUTE.

Clock Information:
------------------
No clock signals found in this design

Asynchronous Control Signals Information:
----------------------------------------
No asynchronous control signals found in this design

Timing Summary:
---------------
Speed Grade: -3

   Minimum period: No path found
   Minimum input arrival time before clock: No path found
   Maximum output required time after clock: No path found
   Maximum combinational path delay: 8.363ns

Timing Details:
---------------
All values displayed in nanoseconds (ns)

=========================================================================
Timing constraint: Default path analysis
  Total number of paths / destination ports: 4352 / 32
-------------------------------------------------------------------------
Delay:               8.363ns (Levels of Logic = 36)
  Source:            op<1> (PAD)
  Destination:       out<31> (PAD)

  Data Path: op<1> to out<31>
                                Gate     Net
    Cell:in->out      fanout   Delay   Delay  Logical Name (Net Name)
    ----------------------------------------  ------------
     IBUF:I->O            96   1.222   2.079  op_1_IBUF (op_1_IBUF)
     LUT4:I1->O            1   0.205   0.000  test/Mmux__n00433_rs_lut<0> (test/Mmux__n00433_rs_lut<0>)
     MUXCY:S->O            1   0.172   0.000  test/Mmux__n00433_rs_cy<0> (test/Mmux__n00433_rs_cy<0>)
     MUXCY:CI->O           1   0.019   0.000  test/Mmux__n00433_rs_cy<1> (test/Mmux__n00433_rs_cy<1>)
     MUXCY:CI->O           1   0.019   0.000  test/Mmux__n00433_rs_cy<2> (test/Mmux__n00433_rs_cy<2>)
     MUXCY:CI->O           1   0.019   0.000  test/Mmux__n00433_rs_cy<3> (test/Mmux__n00433_rs_cy<3>)
     MUXCY:CI->O           1   0.019   0.000  test/Mmux__n00433_rs_cy<4> (test/Mmux__n00433_rs_cy<4>)
     MUXCY:CI->O           1   0.019   0.000  test/Mmux__n00433_rs_cy<5> (test/Mmux__n00433_rs_cy<5>)
     MUXCY:CI->O           1   0.019   0.000  test/Mmux__n00433_rs_cy<6> (test/Mmux__n00433_rs_cy<6>)
     MUXCY:CI->O           1   0.019   0.000  test/Mmux__n00433_rs_cy<7> (test/Mmux__n00433_rs_cy<7>)
     MUXCY:CI->O           1   0.019   0.000  test/Mmux__n00433_rs_cy<8> (test/Mmux__n00433_rs_cy<8>)
     MUXCY:CI->O           1   0.019   0.000  test/Mmux__n00433_rs_cy<9> (test/Mmux__n00433_rs_cy<9>)
     MUXCY:CI->O           1   0.019   0.000  test/Mmux__n00433_rs_cy<10> (test/Mmux__n00433_rs_cy<10>)
     MUXCY:CI->O           1   0.019   0.000  test/Mmux__n00433_rs_cy<11> (test/Mmux__n00433_rs_cy<11>)
     MUXCY:CI->O           1   0.019   0.000  test/Mmux__n00433_rs_cy<12> (test/Mmux__n00433_rs_cy<12>)
     MUXCY:CI->O           1   0.019   0.000  test/Mmux__n00433_rs_cy<13> (test/Mmux__n00433_rs_cy<13>)
     MUXCY:CI->O           1   0.019   0.000  test/Mmux__n00433_rs_cy<14> (test/Mmux__n00433_rs_cy<14>)
     MUXCY:CI->O           1   0.019   0.000  test/Mmux__n00433_rs_cy<15> (test/Mmux__n00433_rs_cy<15>)
     MUXCY:CI->O           1   0.019   0.000  test/Mmux__n00433_rs_cy<16> (test/Mmux__n00433_rs_cy<16>)
     MUXCY:CI->O           1   0.019   0.000  test/Mmux__n00433_rs_cy<17> (test/Mmux__n00433_rs_cy<17>)
     MUXCY:CI->O           1   0.019   0.000  test/Mmux__n00433_rs_cy<18> (test/Mmux__n00433_rs_cy<18>)
     MUXCY:CI->O           1   0.019   0.000  test/Mmux__n00433_rs_cy<19> (test/Mmux__n00433_rs_cy<19>)
     MUXCY:CI->O           1   0.019   0.000  test/Mmux__n00433_rs_cy<20> (test/Mmux__n00433_rs_cy<20>)
     MUXCY:CI->O           1   0.019   0.000  test/Mmux__n00433_rs_cy<21> (test/Mmux__n00433_rs_cy<21>)
     MUXCY:CI->O           1   0.019   0.000  test/Mmux__n00433_rs_cy<22> (test/Mmux__n00433_rs_cy<22>)
     MUXCY:CI->O           1   0.019   0.000  test/Mmux__n00433_rs_cy<23> (test/Mmux__n00433_rs_cy<23>)
     MUXCY:CI->O           1   0.019   0.000  test/Mmux__n00433_rs_cy<24> (test/Mmux__n00433_rs_cy<24>)
     MUXCY:CI->O           1   0.019   0.000  test/Mmux__n00433_rs_cy<25> (test/Mmux__n00433_rs_cy<25>)
     MUXCY:CI->O           1   0.019   0.000  test/Mmux__n00433_rs_cy<26> (test/Mmux__n00433_rs_cy<26>)
     MUXCY:CI->O           1   0.019   0.000  test/Mmux__n00433_rs_cy<27> (test/Mmux__n00433_rs_cy<27>)
     MUXCY:CI->O           1   0.019   0.000  test/Mmux__n00433_rs_cy<28> (test/Mmux__n00433_rs_cy<28>)
     MUXCY:CI->O           1   0.019   0.000  test/Mmux__n00433_rs_cy<29> (test/Mmux__n00433_rs_cy<29>)
     MUXCY:CI->O           0   0.019   0.000  test/Mmux__n00433_rs_cy<30> (test/Mmux__n00433_rs_cy<30>)
     XORCY:CI->O           1   0.180   0.580  test/Mmux__n00433_rs_xor<31> (test/Mmux__n00433_split<1>)
     LUT5:I4->O            1   0.205   0.579  test/Mmux_alu_out50 (out_31_OBUF)
     OBUF:I->O                 2.571          out_31_OBUF (out<31>)
    ----------------------------------------
    Total                      8.363ns (5.125ns logic, 3.238ns route)
                                       (61.3% logic, 38.7% route)

=========================================================================

Cross Clock Domains Report:
--------------------------

=========================================================================


Total REAL time to Xst completion: 6.00 secs
Total CPU time to Xst completion: 6.34 secs
 
--> 

Total memory usage is 331972 kilobytes

Number of errors   :    0 (   0 filtered)
Number of warnings :    0 (   0 filtered)
Number of infos    :    1 (   0 filtered)

